2020-03-30 11:03:40 | INFO: Starting...
2020-03-30 11:03:41 | INFO: Loading config...
2020-03-30 11:03:41 | INFO: Detecting server type (esx/vrp)...
2020-03-30 11:03:41 | INFO: Detected server type: UNKNOWN
2020-03-30 11:03:41 | INFO: Authorizing...
2020-03-30 11:03:41 | INFO: 

.______       _______  _______       _______.___________.  ______   .__   __.  __       ___      
|   _  \     |   ____||       \     /       |           | /  __  \  |  \ |  | |  |     /   \     
|  |_)  |    |  |__   |  .--.  |   |   (----`---|  |----`|  |  |  | |   \|  | |  |    /  ^  \    
|      /     |   __|  |  |  |  |    \   \       |  |     |  |  |  | |  . `  | |  |   /  /_\  \   
|  |\  \----.|  |____ |  '--'  |.----)   |      |  |     |  `--'  | |  |\   | |  |  /  _____  \  
| _| `._____||_______||_______/ |_______/       |__|      \______/  |__| \__| |__| /__/     \__\ 
                                                                                                 

2020-03-30 11:03:41 | INFO: Authorized, welcome!
2020-03-30 11:15:25 | WARNING: Player B a j à (steam:110000134eb841d) tried to spectate, the user got banned
2020-03-30 11:15:25 | INFO: Target player is not null so moving on.
2020-03-30 11:15:25 | INFO: Target player (Player) does not have the 'dont ban me' permission, so we can continue to ban them.
2020-03-30 11:15:25 | INFO: Ban record created.
2020-03-30 11:15:25 | INFO: Refreshing banned players list.
2020-03-30 11:26:24 | WARNING: Player B a j à (steam:110000134eb841d) tried to spectate, the user got banned
2020-03-30 11:26:24 | INFO: Target player is not null so moving on.
2020-03-30 11:26:24 | INFO: Target player (Player) does not have the 'dont ban me' permission, so we can continue to ban them.
2020-03-30 11:26:24 | INFO: Ban record created.
2020-03-30 11:26:24 | INFO: Refreshing banned players list.
2020-03-30 12:13:11 | WARNING: Player Curtis Banks (steam:1100001110517ec) tried to spectate, the user got banned
2020-03-30 12:13:11 | INFO: Target player is not null so moving on.
2020-03-30 12:13:11 | INFO: Target player (Player) does not have the 'dont ban me' permission, so we can continue to ban them.
2020-03-30 12:13:11 | INFO: Ban record created.
2020-03-30 12:13:11 | INFO: Refreshing banned players list.
2020-03-30 12:15:14 | INFO: Starting...
2020-03-30 12:15:15 | INFO: Loading config...
2020-03-30 12:15:15 | INFO: Detecting server type (esx/vrp)...
2020-03-30 12:15:15 | INFO: Detected server type: UNKNOWN
2020-03-30 12:15:15 | INFO: Authorizing...
2020-03-30 12:15:15 | INFO: 

.______       _______  _______       _______.___________.  ______   .__   __.  __       ___      
|   _  \     |   ____||       \     /       |           | /  __  \  |  \ |  | |  |     /   \     
|  |_)  |    |  |__   |  .--.  |   |   (----`---|  |----`|  |  |  | |   \|  | |  |    /  ^  \    
|      /     |   __|  |  |  |  |    \   \       |  |     |  |  |  | |  . `  | |  |   /  /_\  \   
|  |\  \----.|  |____ |  '--'  |.----)   |      |  |     |  `--'  | |  |\   | |  |  /  _____  \  
| _| `._____||_______||_______/ |_______/       |__|      \______/  |__| \__| |__| /__/     \__\ 
                                                                                                 

2020-03-30 12:15:15 | INFO: Authorized, welcome!
2020-03-30 14:56:32 | INFO: Starting...
2020-03-30 14:56:33 | INFO: Loading config...
2020-03-30 14:56:33 | INFO: Detecting server type (esx/vrp)...
2020-03-30 14:56:33 | INFO: Detected server type: UNKNOWN
2020-03-30 14:56:33 | INFO: Authorizing...
2020-03-30 14:56:33 | INFO: 

.______       _______  _______       _______.___________.  ______   .__   __.  __       ___      
|   _  \     |   ____||       \     /       |           | /  __  \  |  \ |  | |  |     /   \     
|  |_)  |    |  |__   |  .--.  |   |   (----`---|  |----`|  |  |  | |   \|  | |  |    /  ^  \    
|      /     |   __|  |  |  |  |    \   \       |  |     |  |  |  | |  . `  | |  |   /  /_\  \   
|  |\  \----.|  |____ |  '--'  |.----)   |      |  |     |  `--'  | |  |\   | |  |  /  _____  \  
| _| `._____||_______||_______/ |_______/       |__|      \______/  |__| \__| |__| /__/     \__\ 
                                                                                                 

2020-03-30 14:56:33 | INFO: Authorized, welcome!
2020-03-30 15:10:28 | INFO: Starting...
2020-03-30 15:11:22 | INFO: Starting...
2020-03-30 15:11:26 | INFO: Starting...
2020-03-30 15:13:34 | INFO: Starting...
2020-03-30 15:13:36 | INFO: Loading config...
2020-03-30 15:13:36 | INFO: Detecting server type (esx/vrp)...
2020-03-30 15:13:36 | INFO: Detected server type: UNKNOWN
2020-03-30 15:13:36 | INFO: Authorizing...
2020-03-30 15:13:36 | INFO: 

.______       _______  _______       _______.___________.  ______   .__   __.  __       ___      
|   _  \     |   ____||       \     /       |           | /  __  \  |  \ |  | |  |     /   \     
|  |_)  |    |  |__   |  .--.  |   |   (----`---|  |----`|  |  |  | |   \|  | |  |    /  ^  \    
|      /     |   __|  |  |  |  |    \   \       |  |     |  |  |  | |  . `  | |  |   /  /_\  \   
|  |\  \----.|  |____ |  '--'  |.----)   |      |  |     |  `--'  | |  |\   | |  |  /  _____  \  
| _| `._____||_______||_______/ |_______/       |__|      \______/  |__| \__| |__| /__/     \__\ 
                                                                                                 

2020-03-30 15:13:36 | INFO: Authorized, welcome!
2020-03-30 15:16:41 | INFO: Starting...
2020-03-30 15:16:42 | INFO: Loading config...
2020-03-30 15:16:42 | INFO: Detecting server type (esx/vrp)...
2020-03-30 15:16:42 | INFO: Detected server type: UNKNOWN
2020-03-30 15:16:42 | INFO: Authorizing...
2020-03-30 15:16:42 | INFO: 

.______       _______  _______       _______.___________.  ______   .__   __.  __       ___      
|   _  \     |   ____||       \     /       |           | /  __  \  |  \ |  | |  |     /   \     
|  |_)  |    |  |__   |  .--.  |   |   (----`---|  |----`|  |  |  | |   \|  | |  |    /  ^  \    
|      /     |   __|  |  |  |  |    \   \       |  |     |  |  |  | |  . `  | |  |   /  /_\  \   
|  |\  \----.|  |____ |  '--'  |.----)   |      |  |     |  `--'  | |  |\   | |  |  /  _____  \  
| _| `._____||_______||_______/ |_______/       |__|      \______/  |__| \__| |__| /__/     \__\ 
                                                                                                 

2020-03-30 15:16:42 | INFO: Authorized, welcome!
2020-03-30 15:18:11 | INFO: Starting...
2020-03-30 15:18:29 | INFO: Starting...
2020-03-30 15:19:56 | INFO: Starting...
2020-03-30 15:19:58 | INFO: Loading config...
2020-03-30 15:19:58 | INFO: Detecting server type (esx/vrp)...
2020-03-30 15:19:58 | INFO: Detected server type: UNKNOWN
2020-03-30 15:19:58 | INFO: Authorizing...
2020-03-30 15:19:58 | INFO: 

.______       _______  _______       _______.___________.  ______   .__   __.  __       ___      
|   _  \     |   ____||       \     /       |           | /  __  \  |  \ |  | |  |     /   \     
|  |_)  |    |  |__   |  .--.  |   |   (----`---|  |----`|  |  |  | |   \|  | |  |    /  ^  \    
|      /     |   __|  |  |  |  |    \   \       |  |     |  |  |  | |  . `  | |  |   /  /_\  \   
|  |\  \----.|  |____ |  '--'  |.----)   |      |  |     |  `--'  | |  |\   | |  |  /  _____  \  
| _| `._____||_______||_______/ |_______/       |__|      \______/  |__| \__| |__| /__/     \__\ 
                                                                                                 

2020-03-30 15:19:58 | INFO: Authorized, welcome!
2020-03-30 15:27:52 | INFO: Starting...
2020-03-30 15:27:54 | INFO: Loading config...
2020-03-30 15:27:54 | INFO: Detecting server type (esx/vrp)...
2020-03-30 15:27:54 | INFO: Detected server type: UNKNOWN
2020-03-30 15:27:54 | INFO: Authorizing...
2020-03-30 15:27:54 | INFO: 

.______       _______  _______       _______.___________.  ______   .__   __.  __       ___      
|   _  \     |   ____||       \     /       |           | /  __  \  |  \ |  | |  |     /   \     
|  |_)  |    |  |__   |  .--.  |   |   (----`---|  |----`|  |  |  | |   \|  | |  |    /  ^  \    
|      /     |   __|  |  |  |  |    \   \       |  |     |  |  |  | |  . `  | |  |   /  /_\  \   
|  |\  \----.|  |____ |  '--'  |.----)   |      |  |     |  `--'  | |  |\   | |  |  /  _____  \  
| _| `._____||_______||_______/ |_______/       |__|      \______/  |__| \__| |__| /__/     \__\ 
                                                                                                 

2020-03-30 15:27:54 | INFO: Authorized, welcome!
2020-03-30 15:28:25 | INFO: Starting...
2020-03-30 15:28:35 | INFO: Starting...
2020-03-30 15:29:50 | INFO: Starting...
2020-03-30 15:29:50 | INFO: Loading config...
2020-03-30 15:29:51 | INFO: Detecting server type (esx/vrp)...
2020-03-30 15:29:51 | INFO: Detected server type: UNKNOWN
2020-03-30 15:29:51 | INFO: Authorizing...
2020-03-30 15:29:51 | INFO: 

.______       _______  _______       _______.___________.  ______   .__   __.  __       ___      
|   _  \     |   ____||       \     /       |           | /  __  \  |  \ |  | |  |     /   \     
|  |_)  |    |  |__   |  .--.  |   |   (----`---|  |----`|  |  |  | |   \|  | |  |    /  ^  \    
|      /     |   __|  |  |  |  |    \   \       |  |     |  |  |  | |  . `  | |  |   /  /_\  \   
|  |\  \----.|  |____ |  '--'  |.----)   |      |  |     |  `--'  | |  |\   | |  |  /  _____  \  
| _| `._____||_______||_______/ |_______/       |__|      \______/  |__| \__| |__| /__/     \__\ 
                                                                                                 

2020-03-30 15:29:51 | INFO: Authorized, welcome!
2020-03-30 15:34:20 | INFO: Starting...
2020-03-30 15:34:52 | INFO: Starting...
2020-03-30 15:42:55 | INFO: Starting...
2020-03-30 15:42:56 | INFO: Loading config...
2020-03-30 15:42:56 | INFO: Detecting server type (esx/vrp)...
2020-03-30 15:42:56 | INFO: Detected server type: UNKNOWN
2020-03-30 15:42:56 | INFO: Authorizing...
2020-03-30 15:42:56 | INFO: 

.______       _______  _______       _______.___________.  ______   .__   __.  __       ___      
|   _  \     |   ____||       \     /       |           | /  __  \  |  \ |  | |  |     /   \     
|  |_)  |    |  |__   |  .--.  |   |   (----`---|  |----`|  |  |  | |   \|  | |  |    /  ^  \    
|      /     |   __|  |  |  |  |    \   \       |  |     |  |  |  | |  . `  | |  |   /  /_\  \   
|  |\  \----.|  |____ |  '--'  |.----)   |      |  |     |  `--'  | |  |\   | |  |  /  _____  \  
| _| `._____||_______||_______/ |_______/       |__|      \______/  |__| \__| |__| /__/     \__\ 
                                                                                                 

2020-03-30 15:42:56 | INFO: Authorized, welcome!
2020-03-30 16:49:10 | INFO: Starting...
2020-03-30 16:49:25 | INFO: Starting...
2020-03-30 16:49:48 | INFO: Starting...
2020-03-30 16:50:42 | INFO: Starting...
2020-03-30 16:51:29 | INFO: Starting...
2020-03-30 16:52:40 | INFO: Starting...
2020-03-30 16:52:44 | INFO: Loading config...
2020-03-30 16:52:44 | INFO: Detecting server type (esx/vrp)...
2020-03-30 16:52:44 | INFO: Detected server type: UNKNOWN
2020-03-30 16:52:44 | INFO: Authorizing...
2020-03-30 16:52:44 | INFO: 

.______       _______  _______       _______.___________.  ______   .__   __.  __       ___      
|   _  \     |   ____||       \     /       |           | /  __  \  |  \ |  | |  |     /   \     
|  |_)  |    |  |__   |  .--.  |   |   (----`---|  |----`|  |  |  | |   \|  | |  |    /  ^  \    
|      /     |   __|  |  |  |  |    \   \       |  |     |  |  |  | |  . `  | |  |   /  /_\  \   
|  |\  \----.|  |____ |  '--'  |.----)   |      |  |     |  `--'  | |  |\   | |  |  /  _____  \  
| _| `._____||_______||_______/ |_______/       |__|      \______/  |__| \__| |__| /__/     \__\ 
                                                                                                 

2020-03-30 16:52:44 | INFO: Authorized, welcome!
2020-03-30 17:02:45 | INFO: Starting...
2020-03-30 17:02:46 | INFO: Loading config...
2020-03-30 17:02:46 | INFO: Detecting server type (esx/vrp)...
2020-03-30 17:02:46 | INFO: Detected server type: UNKNOWN
2020-03-30 17:02:46 | INFO: Authorizing...
2020-03-30 17:02:46 | INFO: 

.______       _______  _______       _______.___________.  ______   .__   __.  __       ___      
|   _  \     |   ____||       \     /       |           | /  __  \  |  \ |  | |  |     /   \     
|  |_)  |    |  |__   |  .--.  |   |   (----`---|  |----`|  |  |  | |   \|  | |  |    /  ^  \    
|      /     |   __|  |  |  |  |    \   \       |  |     |  |  |  | |  . `  | |  |   /  /_\  \   
|  |\  \----.|  |____ |  '--'  |.----)   |      |  |     |  `--'  | |  |\   | |  |  /  _____  \  
| _| `._____||_______||_______/ |_______/       |__|      \______/  |__| \__| |__| /__/     \__\ 
                                                                                                 

2020-03-30 17:02:46 | INFO: Authorized, welcome!
2020-03-30 17:49:16 | INFO: Starting...
2020-03-30 17:49:23 | INFO: Loading config...
2020-03-30 17:49:24 | INFO: Detecting server type (esx/vrp)...
2020-03-30 17:49:24 | INFO: Detected server type: UNKNOWN
2020-03-30 17:49:24 | INFO: Authorizing...
2020-03-30 17:49:24 | INFO: 

.______       _______  _______       _______.___________.  ______   .__   __.  __       ___      
|   _  \     |   ____||       \     /       |           | /  __  \  |  \ |  | |  |     /   \     
|  |_)  |    |  |__   |  .--.  |   |   (----`---|  |----`|  |  |  | |   \|  | |  |    /  ^  \    
|      /     |   __|  |  |  |  |    \   \       |  |     |  |  |  | |  . `  | |  |   /  /_\  \   
|  |\  \----.|  |____ |  '--'  |.----)   |      |  |     |  `--'  | |  |\   | |  |  /  _____  \  
| _| `._____||_______||_______/ |_______/       |__|      \______/  |__| \__| |__| /__/     \__\ 
                                                                                                 

2020-03-30 17:49:24 | INFO: Authorized, welcome!
2020-03-30 18:28:20 | INFO: Starting...
2020-03-30 18:29:12 | INFO: Starting...
2020-03-30 18:29:14 | INFO: Loading config...
2020-03-30 18:29:14 | INFO: Detecting server type (esx/vrp)...
2020-03-30 18:29:14 | INFO: Detected server type: UNKNOWN
2020-03-30 18:29:14 | INFO: Authorizing...
2020-03-30 18:29:14 | INFO: 

.______       _______  _______       _______.___________.  ______   .__   __.  __       ___      
|   _  \     |   ____||       \     /       |           | /  __  \  |  \ |  | |  |     /   \     
|  |_)  |    |  |__   |  .--.  |   |   (----`---|  |----`|  |  |  | |   \|  | |  |    /  ^  \    
|      /     |   __|  |  |  |  |    \   \       |  |     |  |  |  | |  . `  | |  |   /  /_\  \   
|  |\  \----.|  |____ |  '--'  |.----)   |      |  |     |  `--'  | |  |\   | |  |  /  _____  \  
| _| `._____||_______||_______/ |_______/       |__|      \______/  |__| \__| |__| /__/     \__\ 
                                                                                                 

2020-03-30 18:29:14 | INFO: Authorized, welcome!
2020-03-30 19:00:01 | INFO: Starting...
2020-03-30 19:00:02 | INFO: Loading config...
2020-03-30 19:00:02 | INFO: Detecting server type (esx/vrp)...
2020-03-30 19:00:02 | INFO: Detected server type: UNKNOWN
2020-03-30 19:00:02 | INFO: Authorizing...
2020-03-30 19:00:02 | INFO: 

.______       _______  _______       _______.___________.  ______   .__   __.  __       ___      
|   _  \     |   ____||       \     /       |           | /  __  \  |  \ |  | |  |     /   \     
|  |_)  |    |  |__   |  .--.  |   |   (----`---|  |----`|  |  |  | |   \|  | |  |    /  ^  \    
|      /     |   __|  |  |  |  |    \   \       |  |     |  |  |  | |  . `  | |  |   /  /_\  \   
|  |\  \----.|  |____ |  '--'  |.----)   |      |  |     |  `--'  | |  |\   | |  |  /  _____  \  
| _| `._____||_______||_______/ |_______/       |__|      \______/  |__| \__| |__| /__/     \__\ 
                                                                                                 

2020-03-30 19:00:02 | INFO: Authorized, welcome!
2020-03-30 19:15:40 | WARNING: Player 𝐍𝐚𝐫𝐯𝐚𝐥𝐨 (steam:ip:89.90.186.154) is trying to explode !, the user got kicked
2020-03-30 19:15:40 | WARNING: Player 𝐍𝐚𝐫𝐯𝐚𝐥𝐨 (steam:ip:89.90.186.154) is trying to explode !, the user got kicked
2020-03-30 19:15:40 | WARNING: Player 𝐍𝐚𝐫𝐯𝐚𝐥𝐨 (steam:ip:89.90.186.154) is trying to explode !, the user got kicked
2020-03-30 19:15:40 | WARNING: Player 𝐍𝐚𝐫𝐯𝐚𝐥𝐨 (steam:ip:89.90.186.154) is trying to explode !, the user got kicked
2020-03-30 19:15:40 | WARNING: Player 𝐍𝐚𝐫𝐯𝐚𝐥𝐨 (steam:ip:89.90.186.154) is trying to explode !, the user got kicked
2020-03-30 19:15:40 | WARNING: Player Holaaa (steam:ip:2.10.93.25) is trying to explode !, the user got kicked
2020-03-30 19:15:40 | WARNING: Player Holaaa (steam:ip:2.10.93.25) is trying to explode !, the user got kicked
2020-03-30 19:15:40 | WARNING: Player Holaaa (steam:ip:2.10.93.25) is trying to explode !, the user got kicked
2020-03-30 19:15:40 | WARNING: Player Holaaa (steam:ip:2.10.93.25) is trying to explode !, the user got kicked
2020-03-30 19:15:40 | WARNING: Player Holaaa (steam:ip:2.10.93.25) is trying to explode !, the user got kicked
2020-03-30 22:00:38 | INFO: Starting...
2020-03-30 22:03:27 | INFO: Starting...
2020-03-30 22:03:28 | INFO: Loading config...
2020-03-30 22:03:29 | INFO: Detecting server type (esx/vrp)...
2020-03-30 22:03:29 | INFO: Detected server type: UNKNOWN
2020-03-30 22:03:29 | INFO: Authorizing...
2020-03-30 22:03:29 | INFO: 

.______       _______  _______       _______.___________.  ______   .__   __.  __       ___      
|   _  \     |   ____||       \     /       |           | /  __  \  |  \ |  | |  |     /   \     
|  |_)  |    |  |__   |  .--.  |   |   (----`---|  |----`|  |  |  | |   \|  | |  |    /  ^  \    
|      /     |   __|  |  |  |  |    \   \       |  |     |  |  |  | |  . `  | |  |   /  /_\  \   
|  |\  \----.|  |____ |  '--'  |.----)   |      |  |     |  `--'  | |  |\   | |  |  /  _____  \  
| _| `._____||_______||_______/ |_______/       |__|      \______/  |__| \__| |__| /__/     \__\ 
                                                                                                 

2020-03-30 22:03:29 | INFO: Authorized, welcome!
2020-03-31 04:45:00 | INFO: Starting...
2020-03-31 04:45:02 | INFO: Loading config...
2020-03-31 04:45:02 | INFO: Detecting server type (esx/vrp)...
2020-03-31 04:45:02 | INFO: Detected server type: UNKNOWN
2020-03-31 04:45:02 | INFO: Authorizing...
2020-03-31 04:45:02 | INFO: 

.______       _______  _______       _______.___________.  ______   .__   __.  __       ___      
|   _  \     |   ____||       \     /       |           | /  __  \  |  \ |  | |  |     /   \     
|  |_)  |    |  |__   |  .--.  |   |   (----`---|  |----`|  |  |  | |   \|  | |  |    /  ^  \    
|      /     |   __|  |  |  |  |    \   \       |  |     |  |  |  | |  . `  | |  |   /  /_\  \   
|  |\  \----.|  |____ |  '--'  |.----)   |      |  |     |  `--'  | |  |\   | |  |  /  _____  \  
| _| `._____||_______||_______/ |_______/       |__|      \______/  |__| \__| |__| /__/     \__\ 
                                                                                                 

2020-03-31 04:45:02 | INFO: Authorized, welcome!
2020-03-31 09:48:47 | INFO: Starting...
2020-03-31 09:48:49 | INFO: Loading config...
2020-03-31 09:48:49 | INFO: Detecting server type (esx/vrp)...
2020-03-31 09:48:49 | INFO: Detected server type: UNKNOWN
2020-03-31 09:48:49 | INFO: Authorizing...
2020-03-31 09:48:49 | INFO: 

.______       _______  _______       _______.___________.  ______   .__   __.  __       ___      
|   _  \     |   ____||       \     /       |           | /  __  \  |  \ |  | |  |     /   \     
|  |_)  |    |  |__   |  .--.  |   |   (----`---|  |----`|  |  |  | |   \|  | |  |    /  ^  \    
|      /     |   __|  |  |  |  |    \   \       |  |     |  |  |  | |  . `  | |  |   /  /_\  \   
|  |\  \----.|  |____ |  '--'  |.----)   |      |  |     |  `--'  | |  |\   | |  |  /  _____  \  
| _| `._____||_______||_______/ |_______/       |__|      \______/  |__| \__| |__| /__/     \__\ 
                                                                                                 

2020-03-31 09:48:49 | INFO: Authorized, welcome!
2020-03-31 10:40:21 | INFO: Starting...
2020-03-31 10:40:28 | INFO: Loading config...
2020-03-31 10:40:28 | INFO: Detecting server type (esx/vrp)...
2020-03-31 10:40:28 | INFO: Detected server type: UNKNOWN
2020-03-31 10:40:28 | INFO: Authorizing...
2020-03-31 10:40:28 | INFO: 

.______       _______  _______       _______.___________.  ______   .__   __.  __       ___      
|   _  \     |   ____||       \     /       |           | /  __  \  |  \ |  | |  |     /   \     
|  |_)  |    |  |__   |  .--.  |   |   (----`---|  |----`|  |  |  | |   \|  | |  |    /  ^  \    
|      /     |   __|  |  |  |  |    \   \       |  |     |  |  |  | |  . `  | |  |   /  /_\  \   
|  |\  \----.|  |____ |  '--'  |.----)   |      |  |     |  `--'  | |  |\   | |  |  /  _____  \  
| _| `._____||_______||_______/ |_______/       |__|      \______/  |__| \__| |__| /__/     \__\ 
                                                                                                 

2020-03-31 10:40:28 | INFO: Authorized, welcome!
2020-03-31 11:05:54 | INFO: Starting...
2020-03-31 11:05:59 | INFO: Loading config...
2020-03-31 11:05:59 | INFO: Detecting server type (esx/vrp)...
2020-03-31 11:05:59 | INFO: Detected server type: UNKNOWN
2020-03-31 11:05:59 | INFO: Authorizing...
2020-03-31 11:05:59 | INFO: 

.______       _______  _______       _______.___________.  ______   .__   __.  __       ___      
|   _  \     |   ____||       \     /       |           | /  __  \  |  \ |  | |  |     /   \     
|  |_)  |    |  |__   |  .--.  |   |   (----`---|  |----`|  |  |  | |   \|  | |  |    /  ^  \    
|      /     |   __|  |  |  |  |    \   \       |  |     |  |  |  | |  . `  | |  |   /  /_\  \   
|  |\  \----.|  |____ |  '--'  |.----)   |      |  |     |  `--'  | |  |\   | |  |  /  _____  \  
| _| `._____||_______||_______/ |_______/       |__|      \______/  |__| \__| |__| /__/     \__\ 
                                                                                                 

2020-03-31 11:05:59 | INFO: Authorized, welcome!
2020-03-31 14:36:00 | WARNING: Player kurt (steam:1100001136b72ab) tried to spawn a blacklisted vehicle, the user got banned
2020-03-31 14:36:00 | INFO: Target player is not null so moving on.
2020-03-31 14:36:00 | INFO: Target player (Player) does not have the 'dont ban me' permission, so we can continue to ban them.
2020-03-31 14:36:00 | INFO: Ban record created.
2020-03-31 14:36:00 | INFO: Refreshing banned players list.
2020-03-31 14:38:16 | INFO: Player is still banned for 26119977,36 hours.

2020-03-31 14:41:38 | INFO: Player is still banned for 26119977,31 hours.

2020-03-31 14:44:27 | INFO: Player is still banned for 26119977,26 hours.

2020-03-31 14:45:35 | INFO: Player is still banned for 26119977,24 hours.

2020-03-31 14:47:36 | INFO: Player is still banned for 26119977,21 hours.

2020-03-31 14:52:25 | INFO: Player is still banned for 26119977,13 hours.

2020-03-31 14:55:29 | INFO: Player is still banned for 26119977,08 hours.

2020-03-31 14:56:29 | INFO: Player is still banned for 26119977,06 hours.

2020-03-31 16:00:40 | INFO: Starting...
2020-03-31 16:01:32 | INFO: Starting...
2020-03-31 16:01:34 | INFO: Loading config...
2020-03-31 16:01:34 | INFO: Detecting server type (esx/vrp)...
2020-03-31 16:01:34 | INFO: Detected server type: UNKNOWN
2020-03-31 16:01:34 | INFO: Authorizing...
2020-03-31 16:01:34 | INFO: 

.______       _______  _______       _______.___________.  ______   .__   __.  __       ___      
|   _  \     |   ____||       \     /       |           | /  __  \  |  \ |  | |  |     /   \     
|  |_)  |    |  |__   |  .--.  |   |   (----`---|  |----`|  |  |  | |   \|  | |  |    /  ^  \    
|      /     |   __|  |  |  |  |    \   \       |  |     |  |  |  | |  . `  | |  |   /  /_\  \   
|  |\  \----.|  |____ |  '--'  |.----)   |      |  |     |  `--'  | |  |\   | |  |  /  _____  \  
| _| `._____||_______||_______/ |_______/       |__|      \______/  |__| \__| |__| /__/     \__\ 
                                                                                                 

2020-03-31 16:01:34 | INFO: Authorized, welcome!
2020-03-31 16:02:56 | INFO: Starting...
2020-03-31 16:04:26 | INFO: Starting...
2020-03-31 16:04:27 | INFO: Loading config...
2020-03-31 16:04:27 | INFO: Detecting server type (esx/vrp)...
2020-03-31 16:04:27 | INFO: Detected server type: UNKNOWN
2020-03-31 16:04:27 | INFO: Authorizing...
2020-03-31 16:04:27 | INFO: 

.______       _______  _______       _______.___________.  ______   .__   __.  __       ___      
|   _  \     |   ____||       \     /       |           | /  __  \  |  \ |  | |  |     /   \     
|  |_)  |    |  |__   |  .--.  |   |   (----`---|  |----`|  |  |  | |   \|  | |  |    /  ^  \    
|      /     |   __|  |  |  |  |    \   \       |  |     |  |  |  | |  . `  | |  |   /  /_\  \   
|  |\  \----.|  |____ |  '--'  |.----)   |      |  |     |  `--'  | |  |\   | |  |  /  _____  \  
| _| `._____||_______||_______/ |_______/       |__|      \______/  |__| \__| |__| /__/     \__\ 
                                                                                                 

2020-03-31 16:04:27 | INFO: Authorized, welcome!
2020-03-31 18:03:06 | INFO: Starting...
2020-03-31 18:03:08 | INFO: Loading config...
2020-03-31 18:03:09 | INFO: Detecting server type (esx/vrp)...
2020-03-31 18:03:09 | INFO: Detected server type: UNKNOWN
2020-03-31 18:03:09 | INFO: Authorizing...
2020-03-31 18:03:09 | INFO: 

.______       _______  _______       _______.___________.  ______   .__   __.  __       ___      
|   _  \     |   ____||       \     /       |           | /  __  \  |  \ |  | |  |     /   \     
|  |_)  |    |  |__   |  .--.  |   |   (----`---|  |----`|  |  |  | |   \|  | |  |    /  ^  \    
|      /     |   __|  |  |  |  |    \   \       |  |     |  |  |  | |  . `  | |  |   /  /_\  \   
|  |\  \----.|  |____ |  '--'  |.----)   |      |  |     |  `--'  | |  |\   | |  |  /  _____  \  
| _| `._____||_______||_______/ |_______/       |__|      \______/  |__| \__| |__| /__/     \__\ 
                                                                                                 

2020-03-31 18:03:09 | INFO: Authorized, welcome!
2020-03-31 18:34:02 | INFO: Starting...
2020-03-31 18:34:07 | INFO: Loading config...
2020-03-31 18:34:07 | INFO: Detecting server type (esx/vrp)...
2020-03-31 18:34:07 | INFO: Detected server type: UNKNOWN
2020-03-31 18:34:07 | INFO: Authorizing...
2020-03-31 18:34:07 | INFO: 

.______       _______  _______       _______.___________.  ______   .__   __.  __       ___      
|   _  \     |   ____||       \     /       |           | /  __  \  |  \ |  | |  |     /   \     
|  |_)  |    |  |__   |  .--.  |   |   (----`---|  |----`|  |  |  | |   \|  | |  |    /  ^  \    
|      /     |   __|  |  |  |  |    \   \       |  |     |  |  |  | |  . `  | |  |   /  /_\  \   
|  |\  \----.|  |____ |  '--'  |.----)   |      |  |     |  `--'  | |  |\   | |  |  /  _____  \  
| _| `._____||_______||_______/ |_______/       |__|      \______/  |__| \__| |__| /__/     \__\ 
                                                                                                 

2020-03-31 18:34:07 | INFO: Authorized, welcome!
2020-03-31 19:07:41 | WARNING: Player Brandon Davis/JOKER (steam:11000013c574537) tried to spawn a blacklisted vehicle, the user got banned
2020-03-31 19:07:41 | INFO: Target player is not null so moving on.
2020-03-31 19:07:41 | INFO: Target player (Player) does not have the 'dont ban me' permission, so we can continue to ban them.
2020-03-31 19:07:41 | INFO: Ban record created.
2020-03-31 19:07:41 | INFO: Refreshing banned players list.
2020-03-31 19:09:24 | INFO: Player is still banned for 26119972,84 hours.

2020-03-31 22:04:41 | INFO: Starting...
2020-03-31 22:04:43 | INFO: Loading config...
2020-03-31 22:04:43 | INFO: Detecting server type (esx/vrp)...
2020-03-31 22:04:43 | INFO: Detected server type: UNKNOWN
2020-03-31 22:04:43 | INFO: Authorizing...
2020-03-31 22:04:43 | INFO: 

.______       _______  _______       _______.___________.  ______   .__   __.  __       ___      
|   _  \     |   ____||       \     /       |           | /  __  \  |  \ |  | |  |     /   \     
|  |_)  |    |  |__   |  .--.  |   |   (----`---|  |----`|  |  |  | |   \|  | |  |    /  ^  \    
|      /     |   __|  |  |  |  |    \   \       |  |     |  |  |  | |  . `  | |  |   /  /_\  \   
|  |\  \----.|  |____ |  '--'  |.----)   |      |  |     |  `--'  | |  |\   | |  |  /  _____  \  
| _| `._____||_______||_______/ |_______/       |__|      \______/  |__| \__| |__| /__/     \__\ 
                                                                                                 

2020-03-31 22:04:43 | INFO: Authorized, welcome!
2020-04-01 12:00:08 | INFO: Starting...
2020-04-01 12:00:09 | INFO: Loading config...
2020-04-01 12:00:09 | INFO: Detecting server type (esx/vrp)...
2020-04-01 12:00:09 | INFO: Detected server type: UNKNOWN
2020-04-01 12:00:09 | INFO: Authorizing...
2020-04-01 12:00:09 | INFO: 

.______       _______  _______       _______.___________.  ______   .__   __.  __       ___      
|   _  \     |   ____||       \     /       |           | /  __  \  |  \ |  | |  |     /   \     
|  |_)  |    |  |__   |  .--.  |   |   (----`---|  |----`|  |  |  | |   \|  | |  |    /  ^  \    
|      /     |   __|  |  |  |  |    \   \       |  |     |  |  |  | |  . `  | |  |   /  /_\  \   
|  |\  \----.|  |____ |  '--'  |.----)   |      |  |     |  `--'  | |  |\   | |  |  /  _____  \  
| _| `._____||_______||_______/ |_______/       |__|      \______/  |__| \__| |__| /__/     \__\ 
                                                                                                 

2020-04-01 12:00:09 | INFO: Authorized, welcome!
2020-04-01 12:01:05 | INFO: Starting...
2020-04-01 12:01:06 | INFO: Loading config...
2020-04-01 12:01:06 | INFO: Detecting server type (esx/vrp)...
2020-04-01 12:01:06 | INFO: Detected server type: UNKNOWN
2020-04-01 12:01:06 | INFO: Authorizing...
2020-04-01 12:01:06 | INFO: 

.______       _______  _______       _______.___________.  ______   .__   __.  __       ___      
|   _  \     |   ____||       \     /       |           | /  __  \  |  \ |  | |  |     /   \     
|  |_)  |    |  |__   |  .--.  |   |   (----`---|  |----`|  |  |  | |   \|  | |  |    /  ^  \    
|      /     |   __|  |  |  |  |    \   \       |  |     |  |  |  | |  . `  | |  |   /  /_\  \   
|  |\  \----.|  |____ |  '--'  |.----)   |      |  |     |  `--'  | |  |\   | |  |  /  _____  \  
| _| `._____||_______||_______/ |_______/       |__|      \______/  |__| \__| |__| /__/     \__\ 
                                                                                                 

2020-04-01 12:01:06 | INFO: Authorized, welcome!
2020-04-01 16:00:29 | INFO: Starting...
2020-04-01 16:01:11 | INFO: Starting...
2020-04-01 16:01:15 | INFO: Loading config...
2020-04-01 16:01:15 | INFO: Detecting server type (esx/vrp)...
2020-04-01 16:01:15 | INFO: Detected server type: UNKNOWN
2020-04-01 16:01:15 | INFO: Authorizing...
2020-04-01 16:01:15 | INFO: 

.______       _______  _______       _______.___________.  ______   .__   __.  __       ___      
|   _  \     |   ____||       \     /       |           | /  __  \  |  \ |  | |  |     /   \     
|  |_)  |    |  |__   |  .--.  |   |   (----`---|  |----`|  |  |  | |   \|  | |  |    /  ^  \    
|      /     |   __|  |  |  |  |    \   \       |  |     |  |  |  | |  . `  | |  |   /  /_\  \   
|  |\  \----.|  |____ |  '--'  |.----)   |      |  |     |  `--'  | |  |\   | |  |  /  _____  \  
| _| `._____||_______||_______/ |_______/       |__|      \______/  |__| \__| |__| /__/     \__\ 
                                                                                                 

2020-04-01 16:01:15 | INFO: Authorized, welcome!
2020-04-01 21:00:08 | INFO: Starting...
2020-04-01 21:00:11 | INFO: Loading config...
2020-04-01 21:00:11 | INFO: Detecting server type (esx/vrp)...
2020-04-01 21:00:11 | INFO: Detected server type: UNKNOWN
2020-04-01 21:00:11 | INFO: Authorizing...
2020-04-01 21:00:11 | INFO: 

.______       _______  _______       _______.___________.  ______   .__   __.  __       ___      
|   _  \     |   ____||       \     /       |           | /  __  \  |  \ |  | |  |     /   \     
|  |_)  |    |  |__   |  .--.  |   |   (----`---|  |----`|  |  |  | |   \|  | |  |    /  ^  \    
|      /     |   __|  |  |  |  |    \   \       |  |     |  |  |  | |  . `  | |  |   /  /_\  \   
|  |\  \----.|  |____ |  '--'  |.----)   |      |  |     |  `--'  | |  |\   | |  |  /  _____  \  
| _| `._____||_______||_______/ |_______/       |__|      \______/  |__| \__| |__| /__/     \__\ 
                                                                                                 

2020-04-01 21:00:11 | INFO: Authorized, welcome!
2020-04-01 23:27:43 | INFO: Starting...
2020-04-01 23:27:46 | INFO: Loading config...
2020-04-01 23:27:46 | INFO: Detecting server type (esx/vrp)...
2020-04-01 23:27:46 | INFO: Detected server type: UNKNOWN
2020-04-01 23:27:46 | INFO: Authorizing...
2020-04-01 23:27:46 | INFO: 

.______       _______  _______       _______.___________.  ______   .__   __.  __       ___      
|   _  \     |   ____||       \     /       |           | /  __  \  |  \ |  | |  |     /   \     
|  |_)  |    |  |__   |  .--.  |   |   (----`---|  |----`|  |  |  | |   \|  | |  |    /  ^  \    
|      /     |   __|  |  |  |  |    \   \       |  |     |  |  |  | |  . `  | |  |   /  /_\  \   
|  |\  \----.|  |____ |  '--'  |.----)   |      |  |     |  `--'  | |  |\   | |  |  /  _____  \  
| _| `._____||_______||_______/ |_______/       |__|      \______/  |__| \__| |__| /__/     \__\ 
                                                                                                 

2020-04-01 23:27:46 | INFO: Authorized, welcome!
2020-04-02 00:08:04 | INFO: Starting...
2020-04-02 00:08:05 | INFO: Loading config...
2020-04-02 00:08:05 | INFO: Detecting server type (esx/vrp)...
2020-04-02 00:08:05 | INFO: Detected server type: UNKNOWN
2020-04-02 00:08:05 | INFO: Authorizing...
2020-04-02 00:08:05 | INFO: 

.______       _______  _______       _______.___________.  ______   .__   __.  __       ___      
|   _  \     |   ____||       \     /       |           | /  __  \  |  \ |  | |  |     /   \     
|  |_)  |    |  |__   |  .--.  |   |   (----`---|  |----`|  |  |  | |   \|  | |  |    /  ^  \    
|      /     |   __|  |  |  |  |    \   \       |  |     |  |  |  | |  . `  | |  |   /  /_\  \   
|  |\  \----.|  |____ |  '--'  |.----)   |      |  |     |  `--'  | |  |\   | |  |  /  _____  \  
| _| `._____||_______||_______/ |_______/       |__|      \______/  |__| \__| |__| /__/     \__\ 
                                                                                                 

2020-04-02 00:08:05 | INFO: Authorized, welcome!
2020-04-02 02:57:00 | INFO: Starting...
2020-04-02 02:57:01 | INFO: Loading config...
2020-04-02 02:57:01 | INFO: Detecting server type (esx/vrp)...
2020-04-02 02:57:01 | INFO: Detected server type: UNKNOWN
2020-04-02 02:57:01 | INFO: Authorizing...
2020-04-02 02:57:01 | INFO: 

.______       _______  _______       _______.___________.  ______   .__   __.  __       ___      
|   _  \     |   ____||       \     /       |           | /  __  \  |  \ |  | |  |     /   \     
|  |_)  |    |  |__   |  .--.  |   |   (----`---|  |----`|  |  |  | |   \|  | |  |    /  ^  \    
|      /     |   __|  |  |  |  |    \   \       |  |     |  |  |  | |  . `  | |  |   /  /_\  \   
|  |\  \----.|  |____ |  '--'  |.----)   |      |  |     |  `--'  | |  |\   | |  |  /  _____  \  
| _| `._____||_______||_______/ |_______/       |__|      \______/  |__| \__| |__| /__/     \__\ 
                                                                                                 

2020-04-02 02:57:01 | INFO: Authorized, welcome!
2020-04-02 03:01:26 | INFO: Starting...
2020-04-02 03:01:26 | INFO: Loading config...
2020-04-02 03:01:26 | INFO: Detecting server type (esx/vrp)...
2020-04-02 03:01:26 | INFO: Detected server type: UNKNOWN
2020-04-02 03:01:26 | INFO: Authorizing...
2020-04-02 03:01:26 | INFO: 

.______       _______  _______       _______.___________.  ______   .__   __.  __       ___      
|   _  \     |   ____||       \     /       |           | /  __  \  |  \ |  | |  |     /   \     
|  |_)  |    |  |__   |  .--.  |   |   (----`---|  |----`|  |  |  | |   \|  | |  |    /  ^  \    
|      /     |   __|  |  |  |  |    \   \       |  |     |  |  |  | |  . `  | |  |   /  /_\  \   
|  |\  \----.|  |____ |  '--'  |.----)   |      |  |     |  `--'  | |  |\   | |  |  /  _____  \  
| _| `._____||_______||_______/ |_______/       |__|      \______/  |__| \__| |__| /__/     \__\ 
                                                                                                 

2020-04-02 03:01:26 | INFO: Authorized, welcome!
2020-04-02 03:04:27 | INFO: Starting...
2020-04-02 03:04:28 | INFO: Loading config...
2020-04-02 03:04:29 | INFO: Detecting server type (esx/vrp)...
2020-04-02 03:04:29 | INFO: Detected server type: UNKNOWN
2020-04-02 03:04:29 | INFO: Authorizing...
2020-04-02 03:04:29 | INFO: 

.______       _______  _______       _______.___________.  ______   .__   __.  __       ___      
|   _  \     |   ____||       \     /       |           | /  __  \  |  \ |  | |  |     /   \     
|  |_)  |    |  |__   |  .--.  |   |   (----`---|  |----`|  |  |  | |   \|  | |  |    /  ^  \    
|      /     |   __|  |  |  |  |    \   \       |  |     |  |  |  | |  . `  | |  |   /  /_\  \   
|  |\  \----.|  |____ |  '--'  |.----)   |      |  |     |  `--'  | |  |\   | |  |  /  _____  \  
| _| `._____||_______||_______/ |_______/       |__|      \______/  |__| \__| |__| /__/     \__\ 
                                                                                                 

2020-04-02 03:04:29 | INFO: Authorized, welcome!
2020-04-02 03:51:18 | INFO: Starting...
2020-04-02 03:51:19 | INFO: Loading config...
2020-04-02 03:51:19 | INFO: Detecting server type (esx/vrp)...
2020-04-02 03:51:19 | INFO: Detected server type: UNKNOWN
2020-04-02 03:51:19 | INFO: Authorizing...
2020-04-02 03:51:19 | INFO: 

.______       _______  _______       _______.___________.  ______   .__   __.  __       ___      
|   _  \     |   ____||       \     /       |           | /  __  \  |  \ |  | |  |     /   \     
|  |_)  |    |  |__   |  .--.  |   |   (----`---|  |----`|  |  |  | |   \|  | |  |    /  ^  \    
|      /     |   __|  |  |  |  |    \   \       |  |     |  |  |  | |  . `  | |  |   /  /_\  \   
|  |\  \----.|  |____ |  '--'  |.----)   |      |  |     |  `--'  | |  |\   | |  |  /  _____  \  
| _| `._____||_______||_______/ |_______/       |__|      \______/  |__| \__| |__| /__/     \__\ 
                                                                                                 

2020-04-02 03:51:19 | INFO: Authorized, welcome!
2020-04-02 09:41:42 | INFO: Starting...
2020-04-02 09:41:43 | INFO: Loading config...
2020-04-02 09:41:43 | INFO: Detecting server type (esx/vrp)...
2020-04-02 09:41:43 | INFO: Detected server type: UNKNOWN
2020-04-02 09:41:43 | INFO: Authorizing...
2020-04-02 09:41:43 | INFO: 

.______       _______  _______       _______.___________.  ______   .__   __.  __       ___      
|   _  \     |   ____||       \     /       |           | /  __  \  |  \ |  | |  |     /   \     
|  |_)  |    |  |__   |  .--.  |   |   (----`---|  |----`|  |  |  | |   \|  | |  |    /  ^  \    
|      /     |   __|  |  |  |  |    \   \       |  |     |  |  |  | |  . `  | |  |   /  /_\  \   
|  |\  \----.|  |____ |  '--'  |.----)   |      |  |     |  `--'  | |  |\   | |  |  /  _____  \  
| _| `._____||_______||_______/ |_______/       |__|      \______/  |__| \__| |__| /__/     \__\ 
                                                                                                 

2020-04-02 09:41:43 | INFO: Authorized, welcome!
2020-04-02 09:48:55 | INFO: Starting...
2020-04-02 09:48:56 | INFO: Loading config...
2020-04-02 09:48:56 | INFO: Detecting server type (esx/vrp)...
2020-04-02 09:48:56 | INFO: Detected server type: UNKNOWN
2020-04-02 09:48:56 | INFO: Authorizing...
2020-04-02 09:48:56 | INFO: 

.______       _______  _______       _______.___________.  ______   .__   __.  __       ___      
|   _  \     |   ____||       \     /       |           | /  __  \  |  \ |  | |  |     /   \     
|  |_)  |    |  |__   |  .--.  |   |   (----`---|  |----`|  |  |  | |   \|  | |  |    /  ^  \    
|      /     |   __|  |  |  |  |    \   \       |  |     |  |  |  | |  . `  | |  |   /  /_\  \   
|  |\  \----.|  |____ |  '--'  |.----)   |      |  |     |  `--'  | |  |\   | |  |  /  _____  \  
| _| `._____||_______||_______/ |_______/       |__|      \______/  |__| \__| |__| /__/     \__\ 
                                                                                                 

2020-04-02 09:48:56 | INFO: Authorized, welcome!
2020-04-02 09:57:07 | INFO: Starting...
2020-04-02 09:57:08 | INFO: Loading config...
2020-04-02 09:57:08 | INFO: Detecting server type (esx/vrp)...
2020-04-02 09:57:08 | INFO: Detected server type: UNKNOWN
2020-04-02 09:57:08 | INFO: Authorizing...
2020-04-02 09:57:08 | INFO: 

.______       _______  _______       _______.___________.  ______   .__   __.  __       ___      
|   _  \     |   ____||       \     /       |           | /  __  \  |  \ |  | |  |     /   \     
|  |_)  |    |  |__   |  .--.  |   |   (----`---|  |----`|  |  |  | |   \|  | |  |    /  ^  \    
|      /     |   __|  |  |  |  |    \   \       |  |     |  |  |  | |  . `  | |  |   /  /_\  \   
|  |\  \----.|  |____ |  '--'  |.----)   |      |  |     |  `--'  | |  |\   | |  |  /  _____  \  
| _| `._____||_______||_______/ |_______/       |__|      \______/  |__| \__| |__| /__/     \__\ 
                                                                                                 

2020-04-02 09:57:08 | INFO: Authorized, welcome!
2020-04-02 10:01:08 | INFO: Starting...
2020-04-02 10:01:09 | INFO: Loading config...
2020-04-02 10:01:09 | INFO: Detecting server type (esx/vrp)...
2020-04-02 10:01:09 | INFO: Detected server type: UNKNOWN
2020-04-02 10:01:09 | INFO: Authorizing...
2020-04-02 10:01:09 | INFO: 

.______       _______  _______       _______.___________.  ______   .__   __.  __       ___      
|   _  \     |   ____||       \     /       |           | /  __  \  |  \ |  | |  |     /   \     
|  |_)  |    |  |__   |  .--.  |   |   (----`---|  |----`|  |  |  | |   \|  | |  |    /  ^  \    
|      /     |   __|  |  |  |  |    \   \       |  |     |  |  |  | |  . `  | |  |   /  /_\  \   
|  |\  \----.|  |____ |  '--'  |.----)   |      |  |     |  `--'  | |  |\   | |  |  /  _____  \  
| _| `._____||_______||_______/ |_______/       |__|      \______/  |__| \__| |__| /__/     \__\ 
                                                                                                 

2020-04-02 10:01:09 | INFO: Authorized, welcome!
2020-04-02 11:52:28 | INFO: Starting...
2020-04-02 11:52:32 | INFO: Loading config...
2020-04-02 11:52:32 | INFO: Detecting server type (esx/vrp)...
2020-04-02 11:52:32 | INFO: Detected server type: UNKNOWN
2020-04-02 11:52:32 | INFO: Authorizing...
2020-04-02 11:52:32 | INFO: 

.______       _______  _______       _______.___________.  ______   .__   __.  __       ___      
|   _  \     |   ____||       \     /       |           | /  __  \  |  \ |  | |  |     /   \     
|  |_)  |    |  |__   |  .--.  |   |   (----`---|  |----`|  |  |  | |   \|  | |  |    /  ^  \    
|      /     |   __|  |  |  |  |    \   \       |  |     |  |  |  | |  . `  | |  |   /  /_\  \   
|  |\  \----.|  |____ |  '--'  |.----)   |      |  |     |  `--'  | |  |\   | |  |  /  _____  \  
| _| `._____||_______||_______/ |_______/       |__|      \______/  |__| \__| |__| /__/     \__\ 
                                                                                                 

2020-04-02 11:52:32 | INFO: Authorized, welcome!
2020-04-02 12:17:42 | INFO: Starting...
2020-04-02 12:17:43 | INFO: Loading config...
2020-04-02 12:17:44 | INFO: Detecting server type (esx/vrp)...
2020-04-02 12:17:44 | INFO: Detected server type: UNKNOWN
2020-04-02 12:17:44 | INFO: Authorizing...
2020-04-02 12:17:44 | INFO: 

.______       _______  _______       _______.___________.  ______   .__   __.  __       ___      
|   _  \     |   ____||       \     /       |           | /  __  \  |  \ |  | |  |     /   \     
|  |_)  |    |  |__   |  .--.  |   |   (----`---|  |----`|  |  |  | |   \|  | |  |    /  ^  \    
|      /     |   __|  |  |  |  |    \   \       |  |     |  |  |  | |  . `  | |  |   /  /_\  \   
|  |\  \----.|  |____ |  '--'  |.----)   |      |  |     |  `--'  | |  |\   | |  |  /  _____  \  
| _| `._____||_______||_______/ |_______/       |__|      \______/  |__| \__| |__| /__/     \__\ 
                                                                                                 

2020-04-02 12:17:44 | INFO: Authorized, welcome!
2020-04-02 13:27:45 | INFO: Starting...
2020-04-02 13:28:19 | INFO: Starting...
2020-04-02 13:28:21 | INFO: Loading config...
2020-04-02 13:28:21 | INFO: Detecting server type (esx/vrp)...
2020-04-02 13:28:21 | INFO: Detected server type: UNKNOWN
2020-04-02 13:28:21 | INFO: Authorizing...
2020-04-02 13:28:21 | INFO: 

.______       _______  _______       _______.___________.  ______   .__   __.  __       ___      
|   _  \     |   ____||       \     /       |           | /  __  \  |  \ |  | |  |     /   \     
|  |_)  |    |  |__   |  .--.  |   |   (----`---|  |----`|  |  |  | |   \|  | |  |    /  ^  \    
|      /     |   __|  |  |  |  |    \   \       |  |     |  |  |  | |  . `  | |  |   /  /_\  \   
|  |\  \----.|  |____ |  '--'  |.----)   |      |  |     |  `--'  | |  |\   | |  |  /  _____  \  
| _| `._____||_______||_______/ |_______/       |__|      \______/  |__| \__| |__| /__/     \__\ 
                                                                                                 

2020-04-02 13:28:21 | INFO: Authorized, welcome!
2020-04-02 13:34:06 | INFO: Starting...
2020-04-02 13:34:07 | INFO: Loading config...
2020-04-02 13:34:07 | INFO: Detecting server type (esx/vrp)...
2020-04-02 13:34:07 | INFO: Detected server type: UNKNOWN
2020-04-02 13:34:07 | INFO: Authorizing...
2020-04-02 13:34:07 | INFO: 

.______       _______  _______       _______.___________.  ______   .__   __.  __       ___      
|   _  \     |   ____||       \     /       |           | /  __  \  |  \ |  | |  |     /   \     
|  |_)  |    |  |__   |  .--.  |   |   (----`---|  |----`|  |  |  | |   \|  | |  |    /  ^  \    
|      /     |   __|  |  |  |  |    \   \       |  |     |  |  |  | |  . `  | |  |   /  /_\  \   
|  |\  \----.|  |____ |  '--'  |.----)   |      |  |     |  `--'  | |  |\   | |  |  /  _____  \  
| _| `._____||_______||_______/ |_______/       |__|      \______/  |__| \__| |__| /__/     \__\ 
                                                                                                 

2020-04-02 13:34:07 | INFO: Authorized, welcome!
2020-04-02 14:36:54 | INFO: Starting...
2020-04-02 14:39:39 | INFO: Starting...
2020-04-02 14:39:41 | INFO: Loading config...
2020-04-02 14:39:41 | INFO: Detecting server type (esx/vrp)...
2020-04-02 14:39:41 | INFO: Detected server type: UNKNOWN
2020-04-02 14:39:41 | INFO: Authorizing...
2020-04-02 14:39:41 | INFO: 

.______       _______  _______       _______.___________.  ______   .__   __.  __       ___      
|   _  \     |   ____||       \     /       |           | /  __  \  |  \ |  | |  |     /   \     
|  |_)  |    |  |__   |  .--.  |   |   (----`---|  |----`|  |  |  | |   \|  | |  |    /  ^  \    
|      /     |   __|  |  |  |  |    \   \       |  |     |  |  |  | |  . `  | |  |   /  /_\  \   
|  |\  \----.|  |____ |  '--'  |.----)   |      |  |     |  `--'  | |  |\   | |  |  /  _____  \  
| _| `._____||_______||_______/ |_______/       |__|      \______/  |__| \__| |__| /__/     \__\ 
                                                                                                 

2020-04-02 14:39:41 | INFO: Authorized, welcome!
2020-04-02 14:43:03 | INFO: Starting...
2020-04-02 14:43:04 | INFO: Loading config...
2020-04-02 14:43:04 | INFO: Detecting server type (esx/vrp)...
2020-04-02 14:43:04 | INFO: Detected server type: UNKNOWN
2020-04-02 14:43:04 | INFO: Authorizing...
2020-04-02 14:43:04 | INFO: 

.______       _______  _______       _______.___________.  ______   .__   __.  __       ___      
|   _  \     |   ____||       \     /       |           | /  __  \  |  \ |  | |  |     /   \     
|  |_)  |    |  |__   |  .--.  |   |   (----`---|  |----`|  |  |  | |   \|  | |  |    /  ^  \    
|      /     |   __|  |  |  |  |    \   \       |  |     |  |  |  | |  . `  | |  |   /  /_\  \   
|  |\  \----.|  |____ |  '--'  |.----)   |      |  |     |  `--'  | |  |\   | |  |  /  _____  \  
| _| `._____||_______||_______/ |_______/       |__|      \______/  |__| \__| |__| /__/     \__\ 
                                                                                                 

2020-04-02 14:43:04 | INFO: Authorized, welcome!
2020-04-02 14:48:32 | INFO: Starting...
2020-04-02 14:48:33 | INFO: Loading config...
2020-04-02 14:48:33 | INFO: Detecting server type (esx/vrp)...
2020-04-02 14:48:33 | INFO: Detected server type: UNKNOWN
2020-04-02 14:48:33 | INFO: Authorizing...
2020-04-02 14:48:33 | INFO: 

.______       _______  _______       _______.___________.  ______   .__   __.  __       ___      
|   _  \     |   ____||       \     /       |           | /  __  \  |  \ |  | |  |     /   \     
|  |_)  |    |  |__   |  .--.  |   |   (----`---|  |----`|  |  |  | |   \|  | |  |    /  ^  \    
|      /     |   __|  |  |  |  |    \   \       |  |     |  |  |  | |  . `  | |  |   /  /_\  \   
|  |\  \----.|  |____ |  '--'  |.----)   |      |  |     |  `--'  | |  |\   | |  |  /  _____  \  
| _| `._____||_______||_______/ |_______/       |__|      \______/  |__| \__| |__| /__/     \__\ 
                                                                                                 

2020-04-02 14:48:33 | INFO: Authorized, welcome!
2020-04-02 14:52:51 | INFO: Starting...
2020-04-02 14:52:52 | INFO: Loading config...
2020-04-02 14:52:52 | INFO: Detecting server type (esx/vrp)...
2020-04-02 14:52:52 | INFO: Detected server type: UNKNOWN
2020-04-02 14:52:52 | INFO: Authorizing...
2020-04-02 14:52:52 | INFO: 

.______       _______  _______       _______.___________.  ______   .__   __.  __       ___      
|   _  \     |   ____||       \     /       |           | /  __  \  |  \ |  | |  |     /   \     
|  |_)  |    |  |__   |  .--.  |   |   (----`---|  |----`|  |  |  | |   \|  | |  |    /  ^  \    
|      /     |   __|  |  |  |  |    \   \       |  |     |  |  |  | |  . `  | |  |   /  /_\  \   
|  |\  \----.|  |____ |  '--'  |.----)   |      |  |     |  `--'  | |  |\   | |  |  /  _____  \  
| _| `._____||_______||_______/ |_______/       |__|      \______/  |__| \__| |__| /__/     \__\ 
                                                                                                 

2020-04-02 14:52:52 | INFO: Authorized, welcome!
2020-04-02 15:12:57 | INFO: Starting...
2020-04-02 15:13:00 | INFO: Loading config...
2020-04-02 15:13:00 | INFO: Detecting server type (esx/vrp)...
2020-04-02 15:13:00 | INFO: Detected server type: UNKNOWN
2020-04-02 15:13:00 | INFO: Authorizing...
2020-04-02 15:13:00 | INFO: 

.______       _______  _______       _______.___________.  ______   .__   __.  __       ___      
|   _  \     |   ____||       \     /       |           | /  __  \  |  \ |  | |  |     /   \     
|  |_)  |    |  |__   |  .--.  |   |   (----`---|  |----`|  |  |  | |   \|  | |  |    /  ^  \    
|      /     |   __|  |  |  |  |    \   \       |  |     |  |  |  | |  . `  | |  |   /  /_\  \   
|  |\  \----.|  |____ |  '--'  |.----)   |      |  |     |  `--'  | |  |\   | |  |  /  _____  \  
| _| `._____||_______||_______/ |_______/       |__|      \______/  |__| \__| |__| /__/     \__\ 
                                                                                                 

2020-04-02 15:13:00 | INFO: Authorized, welcome!
2020-04-03 10:00:26 | INFO: Starting...
2020-04-03 10:00:38 | INFO: Loading config...
2020-04-03 10:00:39 | INFO: Detecting server type (esx/vrp)...
2020-04-03 10:00:39 | INFO: Detected server type: UNKNOWN
2020-04-03 10:00:39 | INFO: Authorizing...
2020-04-03 10:00:39 | INFO: 

.______       _______  _______       _______.___________.  ______   .__   __.  __       ___      
|   _  \     |   ____||       \     /       |           | /  __  \  |  \ |  | |  |     /   \     
|  |_)  |    |  |__   |  .--.  |   |   (----`---|  |----`|  |  |  | |   \|  | |  |    /  ^  \    
|      /     |   __|  |  |  |  |    \   \       |  |     |  |  |  | |  . `  | |  |   /  /_\  \   
|  |\  \----.|  |____ |  '--'  |.----)   |      |  |     |  `--'  | |  |\   | |  |  /  _____  \  
| _| `._____||_______||_______/ |_______/       |__|      \______/  |__| \__| |__| /__/     \__\ 
                                                                                                 

2020-04-03 10:00:39 | INFO: Authorized, welcome!
2020-04-03 13:22:49 | INFO: Starting...
2020-04-03 13:22:54 | INFO: Loading config...
2020-04-03 13:22:55 | INFO: Detecting server type (esx/vrp)...
2020-04-03 13:22:55 | INFO: Detected server type: UNKNOWN
2020-04-03 13:22:55 | INFO: Authorizing...
2020-04-03 13:22:55 | INFO: 

.______       _______  _______       _______.___________.  ______   .__   __.  __       ___      
|   _  \     |   ____||       \     /       |           | /  __  \  |  \ |  | |  |     /   \     
|  |_)  |    |  |__   |  .--.  |   |   (----`---|  |----`|  |  |  | |   \|  | |  |    /  ^  \    
|      /     |   __|  |  |  |  |    \   \       |  |     |  |  |  | |  . `  | |  |   /  /_\  \   
|  |\  \----.|  |____ |  '--'  |.----)   |      |  |     |  `--'  | |  |\   | |  |  /  _____  \  
| _| `._____||_______||_______/ |_______/       |__|      \______/  |__| \__| |__| /__/     \__\ 
                                                                                                 

2020-04-03 13:22:55 | INFO: Authorized, welcome!
2020-04-03 15:13:53 | INFO: Starting...
2020-04-03 15:13:58 | INFO: Loading config...
2020-04-03 15:13:58 | INFO: Detecting server type (esx/vrp)...
2020-04-03 15:13:58 | INFO: Detected server type: UNKNOWN
2020-04-03 15:13:58 | INFO: Authorizing...
2020-04-03 15:13:58 | INFO: 

.______       _______  _______       _______.___________.  ______   .__   __.  __       ___      
|   _  \     |   ____||       \     /       |           | /  __  \  |  \ |  | |  |     /   \     
|  |_)  |    |  |__   |  .--.  |   |   (----`---|  |----`|  |  |  | |   \|  | |  |    /  ^  \    
|      /     |   __|  |  |  |  |    \   \       |  |     |  |  |  | |  . `  | |  |   /  /_\  \   
|  |\  \----.|  |____ |  '--'  |.----)   |      |  |     |  `--'  | |  |\   | |  |  /  _____  \  
| _| `._____||_______||_______/ |_______/       |__|      \______/  |__| \__| |__| /__/     \__\ 
                                                                                                 

2020-04-03 15:13:58 | INFO: Authorized, welcome!
2020-04-03 16:37:51 | INFO: Starting...
2020-04-03 16:37:53 | INFO: Loading config...
2020-04-03 16:37:53 | INFO: Detecting server type (esx/vrp)...
2020-04-03 16:37:53 | INFO: Detected server type: UNKNOWN
2020-04-03 16:37:53 | INFO: Authorizing...
2020-04-03 16:37:53 | INFO: 

.______       _______  _______       _______.___________.  ______   .__   __.  __       ___      
|   _  \     |   ____||       \     /       |           | /  __  \  |  \ |  | |  |     /   \     
|  |_)  |    |  |__   |  .--.  |   |   (----`---|  |----`|  |  |  | |   \|  | |  |    /  ^  \    
|      /     |   __|  |  |  |  |    \   \       |  |     |  |  |  | |  . `  | |  |   /  /_\  \   
|  |\  \----.|  |____ |  '--'  |.----)   |      |  |     |  `--'  | |  |\   | |  |  /  _____  \  
| _| `._____||_______||_______/ |_______/       |__|      \______/  |__| \__| |__| /__/     \__\ 
                                                                                                 

2020-04-03 16:37:53 | INFO: Authorized, welcome!
2020-04-03 16:54:53 | WARNING: Player DEK (steam:110000109bd7838) tried to spectate, the user got banned
2020-04-03 16:54:53 | INFO: Target player is not null so moving on.
2020-04-03 16:54:53 | INFO: Target player (Player) does not have the 'dont ban me' permission, so we can continue to ban them.
2020-04-03 16:54:53 | INFO: Ban record created.
2020-04-03 16:54:53 | INFO: Refreshing banned players list.
2020-04-04 11:10:02 | INFO: Starting...
2020-04-04 11:10:03 | INFO: Loading config...
2020-04-04 11:10:03 | INFO: Detecting server type (esx/vrp)...
2020-04-04 11:10:03 | INFO: Detected server type: UNKNOWN
2020-04-04 11:10:03 | INFO: Authorizing...
2020-04-04 11:10:03 | INFO: 

.______       _______  _______       _______.___________.  ______   .__   __.  __       ___      
|   _  \     |   ____||       \     /       |           | /  __  \  |  \ |  | |  |     /   \     
|  |_)  |    |  |__   |  .--.  |   |   (----`---|  |----`|  |  |  | |   \|  | |  |    /  ^  \    
|      /     |   __|  |  |  |  |    \   \       |  |     |  |  |  | |  . `  | |  |   /  /_\  \   
|  |\  \----.|  |____ |  '--'  |.----)   |      |  |     |  `--'  | |  |\   | |  |  /  _____  \  
| _| `._____||_______||_______/ |_______/       |__|      \______/  |__| \__| |__| /__/     \__\ 
                                                                                                 

2020-04-04 11:10:03 | INFO: Authorized, welcome!
2020-04-04 11:12:24 | INFO: Starting...
2020-04-04 11:12:25 | INFO: Loading config...
2020-04-04 11:12:25 | INFO: Detecting server type (esx/vrp)...
2020-04-04 11:12:25 | INFO: Detected server type: UNKNOWN
2020-04-04 11:12:25 | INFO: Authorizing...
2020-04-04 11:12:25 | INFO: 

.______       _______  _______       _______.___________.  ______   .__   __.  __       ___      
|   _  \     |   ____||       \     /       |           | /  __  \  |  \ |  | |  |     /   \     
|  |_)  |    |  |__   |  .--.  |   |   (----`---|  |----`|  |  |  | |   \|  | |  |    /  ^  \    
|      /     |   __|  |  |  |  |    \   \       |  |     |  |  |  | |  . `  | |  |   /  /_\  \   
|  |\  \----.|  |____ |  '--'  |.----)   |      |  |     |  `--'  | |  |\   | |  |  /  _____  \  
| _| `._____||_______||_______/ |_______/       |__|      \______/  |__| \__| |__| /__/     \__\ 
                                                                                                 

2020-04-04 11:12:25 | INFO: Authorized, welcome!
2020-04-04 19:51:22 | INFO: Starting...
2020-04-04 19:51:23 | INFO: Loading config...
2020-04-04 19:51:23 | INFO: Detecting server type (esx/vrp)...
2020-04-04 19:51:23 | INFO: Detected server type: UNKNOWN
2020-04-04 19:51:23 | INFO: Authorizing...
2020-04-04 19:51:23 | INFO: 

.______       _______  _______       _______.___________.  ______   .__   __.  __       ___      
|   _  \     |   ____||       \     /       |           | /  __  \  |  \ |  | |  |     /   \     
|  |_)  |    |  |__   |  .--.  |   |   (----`---|  |----`|  |  |  | |   \|  | |  |    /  ^  \    
|      /     |   __|  |  |  |  |    \   \       |  |     |  |  |  | |  . `  | |  |   /  /_\  \   
|  |\  \----.|  |____ |  '--'  |.----)   |      |  |     |  `--'  | |  |\   | |  |  /  _____  \  
| _| `._____||_______||_______/ |_______/       |__|      \______/  |__| \__| |__| /__/     \__\ 
                                                                                                 

2020-04-04 19:51:23 | INFO: Authorized, welcome!
2020-04-05 18:13:31 | WARNING: Player Mehdi (steam:110000136586fd9) tried to spawn a blacklisted vehicle, the user got banned
2020-04-05 18:13:31 | INFO: Target player is not null so moving on.
2020-04-05 18:13:31 | INFO: Target player (Player) does not have the 'dont ban me' permission, so we can continue to ban them.
2020-04-05 18:13:31 | INFO: Ban record created.
2020-04-05 18:13:31 | INFO: Refreshing banned players list.
2020-04-05 18:25:20 | INFO: Player is still banned for 26119853,58 hours.

2020-04-05 18:29:54 | INFO: Player is still banned for 26119853,5 hours.

2020-04-06 19:36:25 | INFO: Starting...
2020-04-06 19:36:27 | INFO: Loading config...
2020-04-06 19:36:27 | INFO: Detecting server type (esx/vrp)...
2020-04-06 19:36:27 | INFO: Detected server type: UNKNOWN
2020-04-06 19:36:27 | INFO: Authorizing...
2020-04-06 19:36:27 | INFO: 

.______       _______  _______       _______.___________.  ______   .__   __.  __       ___      
|   _  \     |   ____||       \     /       |           | /  __  \  |  \ |  | |  |     /   \     
|  |_)  |    |  |__   |  .--.  |   |   (----`---|  |----`|  |  |  | |   \|  | |  |    /  ^  \    
|      /     |   __|  |  |  |  |    \   \       |  |     |  |  |  | |  . `  | |  |   /  /_\  \   
|  |\  \----.|  |____ |  '--'  |.----)   |      |  |     |  `--'  | |  |\   | |  |  /  _____  \  
| _| `._____||_______||_______/ |_______/       |__|      \______/  |__| \__| |__| /__/     \__\ 
                                                                                                 

2020-04-06 19:36:27 | INFO: Authorized, welcome!
2020-04-07 00:24:31 | INFO: Starting...
2020-04-07 00:24:32 | INFO: Loading config...
2020-04-07 00:24:32 | INFO: Detecting server type (esx/vrp)...
2020-04-07 00:24:32 | INFO: Detected server type: UNKNOWN
2020-04-07 00:24:32 | INFO: Authorizing...
2020-04-07 00:24:32 | INFO: 

.______       _______  _______       _______.___________.  ______   .__   __.  __       ___      
|   _  \     |   ____||       \     /       |           | /  __  \  |  \ |  | |  |     /   \     
|  |_)  |    |  |__   |  .--.  |   |   (----`---|  |----`|  |  |  | |   \|  | |  |    /  ^  \    
|      /     |   __|  |  |  |  |    \   \       |  |     |  |  |  | |  . `  | |  |   /  /_\  \   
|  |\  \----.|  |____ |  '--'  |.----)   |      |  |     |  `--'  | |  |\   | |  |  /  _____  \  
| _| `._____||_______||_______/ |_______/       |__|      \______/  |__| \__| |__| /__/     \__\ 
                                                                                                 

2020-04-07 00:24:32 | INFO: Authorized, welcome!
2020-04-07 00:32:09 | INFO: Starting...
2020-04-07 00:32:10 | INFO: Loading config...
2020-04-07 00:32:10 | INFO: Detecting server type (esx/vrp)...
2020-04-07 00:32:10 | INFO: Detected server type: UNKNOWN
2020-04-07 00:32:10 | INFO: Authorizing...
2020-04-07 00:32:10 | INFO: 

.______       _______  _______       _______.___________.  ______   .__   __.  __       ___      
|   _  \     |   ____||       \     /       |           | /  __  \  |  \ |  | |  |     /   \     
|  |_)  |    |  |__   |  .--.  |   |   (----`---|  |----`|  |  |  | |   \|  | |  |    /  ^  \    
|      /     |   __|  |  |  |  |    \   \       |  |     |  |  |  | |  . `  | |  |   /  /_\  \   
|  |\  \----.|  |____ |  '--'  |.----)   |      |  |     |  `--'  | |  |\   | |  |  /  _____  \  
| _| `._____||_______||_______/ |_______/       |__|      \______/  |__| \__| |__| /__/     \__\ 
                                                                                                 

2020-04-07 00:32:10 | INFO: Authorized, welcome!
2020-04-07 00:34:14 | INFO: Starting...
2020-04-07 00:34:14 | INFO: Loading config...
2020-04-07 00:34:14 | INFO: Detecting server type (esx/vrp)...
2020-04-07 00:34:14 | INFO: Detected server type: UNKNOWN
2020-04-07 00:34:14 | INFO: Authorizing...
2020-04-07 00:34:14 | INFO: 

.______       _______  _______       _______.___________.  ______   .__   __.  __       ___      
|   _  \     |   ____||       \     /       |           | /  __  \  |  \ |  | |  |     /   \     
|  |_)  |    |  |__   |  .--.  |   |   (----`---|  |----`|  |  |  | |   \|  | |  |    /  ^  \    
|      /     |   __|  |  |  |  |    \   \       |  |     |  |  |  | |  . `  | |  |   /  /_\  \   
|  |\  \----.|  |____ |  '--'  |.----)   |      |  |     |  `--'  | |  |\   | |  |  /  _____  \  
| _| `._____||_______||_______/ |_______/       |__|      \______/  |__| \__| |__| /__/     \__\ 
                                                                                                 

2020-04-07 00:34:14 | INFO: Authorized, welcome!
2020-04-07 00:36:26 | INFO: Starting...
2020-04-07 00:36:27 | INFO: Loading config...
2020-04-07 00:36:27 | INFO: Detecting server type (esx/vrp)...
2020-04-07 00:36:27 | INFO: Detected server type: UNKNOWN
2020-04-07 00:36:27 | INFO: Authorizing...
2020-04-07 00:36:27 | INFO: 

.______       _______  _______       _______.___________.  ______   .__   __.  __       ___      
|   _  \     |   ____||       \     /       |           | /  __  \  |  \ |  | |  |     /   \     
|  |_)  |    |  |__   |  .--.  |   |   (----`---|  |----`|  |  |  | |   \|  | |  |    /  ^  \    
|      /     |   __|  |  |  |  |    \   \       |  |     |  |  |  | |  . `  | |  |   /  /_\  \   
|  |\  \----.|  |____ |  '--'  |.----)   |      |  |     |  `--'  | |  |\   | |  |  /  _____  \  
| _| `._____||_______||_______/ |_______/       |__|      \______/  |__| \__| |__| /__/     \__\ 
                                                                                                 

2020-04-07 00:36:27 | INFO: Authorized, welcome!
2020-04-07 00:39:39 | INFO: Starting...
2020-04-07 00:39:39 | INFO: Loading config...
2020-04-07 00:39:39 | INFO: Detecting server type (esx/vrp)...
2020-04-07 00:39:39 | INFO: Detected server type: UNKNOWN
2020-04-07 00:39:39 | INFO: Authorizing...
2020-04-07 00:39:39 | INFO: 

.______       _______  _______       _______.___________.  ______   .__   __.  __       ___      
|   _  \     |   ____||       \     /       |           | /  __  \  |  \ |  | |  |     /   \     
|  |_)  |    |  |__   |  .--.  |   |   (----`---|  |----`|  |  |  | |   \|  | |  |    /  ^  \    
|      /     |   __|  |  |  |  |    \   \       |  |     |  |  |  | |  . `  | |  |   /  /_\  \   
|  |\  \----.|  |____ |  '--'  |.----)   |      |  |     |  `--'  | |  |\   | |  |  /  _____  \  
| _| `._____||_______||_______/ |_______/       |__|      \______/  |__| \__| |__| /__/     \__\ 
                                                                                                 

2020-04-07 00:39:39 | INFO: Authorized, welcome!
2020-04-07 00:42:49 | INFO: Starting...
2020-04-07 00:42:50 | INFO: Loading config...
2020-04-07 00:42:50 | INFO: Detecting server type (esx/vrp)...
2020-04-07 00:42:50 | INFO: Detected server type: UNKNOWN
2020-04-07 00:42:50 | INFO: Authorizing...
2020-04-07 00:42:50 | INFO: 

.______       _______  _______       _______.___________.  ______   .__   __.  __       ___      
|   _  \     |   ____||       \     /       |           | /  __  \  |  \ |  | |  |     /   \     
|  |_)  |    |  |__   |  .--.  |   |   (----`---|  |----`|  |  |  | |   \|  | |  |    /  ^  \    
|      /     |   __|  |  |  |  |    \   \       |  |     |  |  |  | |  . `  | |  |   /  /_\  \   
|  |\  \----.|  |____ |  '--'  |.----)   |      |  |     |  `--'  | |  |\   | |  |  /  _____  \  
| _| `._____||_______||_______/ |_______/       |__|      \______/  |__| \__| |__| /__/     \__\ 
                                                                                                 

2020-04-07 00:42:50 | INFO: Authorized, welcome!
2020-04-07 00:46:37 | INFO: Starting...
2020-04-07 00:46:37 | INFO: Loading config...
2020-04-07 00:46:37 | INFO: Detecting server type (esx/vrp)...
2020-04-07 00:46:37 | INFO: Detected server type: UNKNOWN
2020-04-07 00:46:37 | INFO: Authorizing...
2020-04-07 00:46:37 | INFO: 

.______       _______  _______       _______.___________.  ______   .__   __.  __       ___      
|   _  \     |   ____||       \     /       |           | /  __  \  |  \ |  | |  |     /   \     
|  |_)  |    |  |__   |  .--.  |   |   (----`---|  |----`|  |  |  | |   \|  | |  |    /  ^  \    
|      /     |   __|  |  |  |  |    \   \       |  |     |  |  |  | |  . `  | |  |   /  /_\  \   
|  |\  \----.|  |____ |  '--'  |.----)   |      |  |     |  `--'  | |  |\   | |  |  /  _____  \  
| _| `._____||_______||_______/ |_______/       |__|      \______/  |__| \__| |__| /__/     \__\ 
                                                                                                 

2020-04-07 00:46:37 | INFO: Authorized, welcome!
2020-04-07 00:49:34 | INFO: Starting...
2020-04-07 00:49:34 | INFO: Loading config...
2020-04-07 00:49:34 | INFO: Detecting server type (esx/vrp)...
2020-04-07 00:49:34 | INFO: Detected server type: UNKNOWN
2020-04-07 00:49:34 | INFO: Authorizing...
2020-04-07 00:49:34 | INFO: 

.______       _______  _______       _______.___________.  ______   .__   __.  __       ___      
|   _  \     |   ____||       \     /       |           | /  __  \  |  \ |  | |  |     /   \     
|  |_)  |    |  |__   |  .--.  |   |   (----`---|  |----`|  |  |  | |   \|  | |  |    /  ^  \    
|      /     |   __|  |  |  |  |    \   \       |  |     |  |  |  | |  . `  | |  |   /  /_\  \   
|  |\  \----.|  |____ |  '--'  |.----)   |      |  |     |  `--'  | |  |\   | |  |  /  _____  \  
| _| `._____||_______||_______/ |_______/       |__|      \______/  |__| \__| |__| /__/     \__\ 
                                                                                                 

2020-04-07 00:49:34 | INFO: Authorized, welcome!
2020-04-07 00:53:24 | INFO: Starting...
2020-04-07 00:53:24 | INFO: Loading config...
2020-04-07 00:53:24 | INFO: Detecting server type (esx/vrp)...
2020-04-07 00:53:24 | INFO: Detected server type: UNKNOWN
2020-04-07 00:53:24 | INFO: Authorizing...
2020-04-07 00:53:24 | INFO: 

.______       _______  _______       _______.___________.  ______   .__   __.  __       ___      
|   _  \     |   ____||       \     /       |           | /  __  \  |  \ |  | |  |     /   \     
|  |_)  |    |  |__   |  .--.  |   |   (----`---|  |----`|  |  |  | |   \|  | |  |    /  ^  \    
|      /     |   __|  |  |  |  |    \   \       |  |     |  |  |  | |  . `  | |  |   /  /_\  \   
|  |\  \----.|  |____ |  '--'  |.----)   |      |  |     |  `--'  | |  |\   | |  |  /  _____  \  
| _| `._____||_______||_______/ |_______/       |__|      \______/  |__| \__| |__| /__/     \__\ 
                                                                                                 

2020-04-07 00:53:24 | INFO: Authorized, welcome!
2020-04-07 14:30:53 | INFO: Starting...
2020-04-07 14:30:55 | INFO: Loading config...
2020-04-07 14:30:55 | INFO: Detecting server type (esx/vrp)...
2020-04-07 14:30:55 | INFO: Detected server type: UNKNOWN
2020-04-07 14:30:55 | INFO: Authorizing...
2020-04-07 14:30:55 | INFO: 

.______       _______  _______       _______.___________.  ______   .__   __.  __       ___      
|   _  \     |   ____||       \     /       |           | /  __  \  |  \ |  | |  |     /   \     
|  |_)  |    |  |__   |  .--.  |   |   (----`---|  |----`|  |  |  | |   \|  | |  |    /  ^  \    
|      /     |   __|  |  |  |  |    \   \       |  |     |  |  |  | |  . `  | |  |   /  /_\  \   
|  |\  \----.|  |____ |  '--'  |.----)   |      |  |     |  `--'  | |  |\   | |  |  /  _____  \  
| _| `._____||_______||_______/ |_______/       |__|      \______/  |__| \__| |__| /__/     \__\ 
                                                                                                 

2020-04-07 14:30:55 | INFO: Authorized, welcome!
2020-04-07 15:02:36 | INFO: Starting...
2020-04-07 15:03:07 | INFO: Starting...
2020-04-07 15:03:10 | INFO: Loading config...
2020-04-07 15:03:10 | INFO: Detecting server type (esx/vrp)...
2020-04-07 15:03:10 | INFO: Detected server type: UNKNOWN
2020-04-07 15:03:10 | INFO: Authorizing...
2020-04-07 15:03:10 | INFO: 

.______       _______  _______       _______.___________.  ______   .__   __.  __       ___      
|   _  \     |   ____||       \     /       |           | /  __  \  |  \ |  | |  |     /   \     
|  |_)  |    |  |__   |  .--.  |   |   (----`---|  |----`|  |  |  | |   \|  | |  |    /  ^  \    
|      /     |   __|  |  |  |  |    \   \       |  |     |  |  |  | |  . `  | |  |   /  /_\  \   
|  |\  \----.|  |____ |  '--'  |.----)   |      |  |     |  `--'  | |  |\   | |  |  /  _____  \  
| _| `._____||_______||_______/ |_______/       |__|      \______/  |__| \__| |__| /__/     \__\ 
                                                                                                 

2020-04-07 15:03:10 | INFO: Authorized, welcome!
2020-04-07 15:05:00 | INFO: Starting...
2020-04-07 15:05:03 | INFO: Loading config...
2020-04-07 15:05:03 | INFO: Detecting server type (esx/vrp)...
2020-04-07 15:05:03 | INFO: Detected server type: UNKNOWN
2020-04-07 15:05:03 | INFO: Authorizing...
2020-04-07 15:05:03 | INFO: 

.______       _______  _______       _______.___________.  ______   .__   __.  __       ___      
|   _  \     |   ____||       \     /       |           | /  __  \  |  \ |  | |  |     /   \     
|  |_)  |    |  |__   |  .--.  |   |   (----`---|  |----`|  |  |  | |   \|  | |  |    /  ^  \    
|      /     |   __|  |  |  |  |    \   \       |  |     |  |  |  | |  . `  | |  |   /  /_\  \   
|  |\  \----.|  |____ |  '--'  |.----)   |      |  |     |  `--'  | |  |\   | |  |  /  _____  \  
| _| `._____||_______||_______/ |_______/       |__|      \______/  |__| \__| |__| /__/     \__\ 
                                                                                                 

2020-04-07 15:05:03 | INFO: Authorized, welcome!
2020-04-07 15:12:21 | INFO: Starting...
2020-04-07 15:12:21 | INFO: Loading config...
2020-04-07 15:12:21 | INFO: Detecting server type (esx/vrp)...
2020-04-07 15:12:21 | INFO: Detected server type: UNKNOWN
2020-04-07 15:12:21 | INFO: Authorizing...
2020-04-07 15:12:21 | INFO: 

.______       _______  _______       _______.___________.  ______   .__   __.  __       ___      
|   _  \     |   ____||       \     /       |           | /  __  \  |  \ |  | |  |     /   \     
|  |_)  |    |  |__   |  .--.  |   |   (----`---|  |----`|  |  |  | |   \|  | |  |    /  ^  \    
|      /     |   __|  |  |  |  |    \   \       |  |     |  |  |  | |  . `  | |  |   /  /_\  \   
|  |\  \----.|  |____ |  '--'  |.----)   |      |  |     |  `--'  | |  |\   | |  |  /  _____  \  
| _| `._____||_______||_______/ |_______/       |__|      \______/  |__| \__| |__| /__/     \__\ 
                                                                                                 

2020-04-07 15:12:21 | INFO: Authorized, welcome!
2020-04-07 16:06:48 | INFO: Starting...
2020-04-07 16:07:24 | INFO: Starting...
2020-04-07 16:07:46 | INFO: Starting...
2020-04-07 16:08:31 | INFO: Starting...
2020-04-07 16:09:00 | INFO: Starting...
2020-04-07 16:10:03 | INFO: Starting...
2020-04-07 16:10:28 | INFO: Starting...
2020-04-07 16:11:42 | INFO: Starting...
2020-04-07 16:13:07 | INFO: Starting...
2020-04-07 16:17:16 | INFO: Starting...
2020-04-07 16:34:33 | INFO: Starting...
2020-04-07 16:36:13 | INFO: Starting...
2020-04-07 16:38:30 | INFO: Starting...
2020-04-07 16:38:34 | INFO: Loading config...
2020-04-07 16:38:34 | INFO: Detecting server type (esx/vrp)...
2020-04-07 16:38:34 | INFO: Detected server type: UNKNOWN
2020-04-07 16:38:34 | INFO: Authorizing...
2020-04-07 16:38:34 | INFO: 

.______       _______  _______       _______.___________.  ______   .__   __.  __       ___      
|   _  \     |   ____||       \     /       |           | /  __  \  |  \ |  | |  |     /   \     
|  |_)  |    |  |__   |  .--.  |   |   (----`---|  |----`|  |  |  | |   \|  | |  |    /  ^  \    
|      /     |   __|  |  |  |  |    \   \       |  |     |  |  |  | |  . `  | |  |   /  /_\  \   
|  |\  \----.|  |____ |  '--'  |.----)   |      |  |     |  `--'  | |  |\   | |  |  /  _____  \  
| _| `._____||_______||_______/ |_______/       |__|      \______/  |__| \__| |__| /__/     \__\ 
                                                                                                 

2020-04-07 16:38:34 | INFO: Authorized, welcome!
2020-04-07 16:46:47 | INFO: Starting...
2020-04-07 16:46:48 | INFO: Loading config...
2020-04-07 16:46:48 | INFO: Detecting server type (esx/vrp)...
2020-04-07 16:46:48 | INFO: Detected server type: UNKNOWN
2020-04-07 16:46:48 | INFO: Authorizing...
2020-04-07 16:46:48 | INFO: 

.______       _______  _______       _______.___________.  ______   .__   __.  __       ___      
|   _  \     |   ____||       \     /       |           | /  __  \  |  \ |  | |  |     /   \     
|  |_)  |    |  |__   |  .--.  |   |   (----`---|  |----`|  |  |  | |   \|  | |  |    /  ^  \    
|      /     |   __|  |  |  |  |    \   \       |  |     |  |  |  | |  . `  | |  |   /  /_\  \   
|  |\  \----.|  |____ |  '--'  |.----)   |      |  |     |  `--'  | |  |\   | |  |  /  _____  \  
| _| `._____||_______||_______/ |_______/       |__|      \______/  |__| \__| |__| /__/     \__\ 
                                                                                                 

2020-04-07 16:46:48 | INFO: Authorized, welcome!
2020-04-07 17:46:35 | INFO: Starting...
2020-04-07 17:46:38 | INFO: Loading config...
2020-04-07 17:46:38 | INFO: Detecting server type (esx/vrp)...
2020-04-07 17:46:38 | INFO: Detected server type: UNKNOWN
2020-04-07 17:46:38 | INFO: Authorizing...
2020-04-07 17:46:38 | INFO: 

.______       _______  _______       _______.___________.  ______   .__   __.  __       ___      
|   _  \     |   ____||       \     /       |           | /  __  \  |  \ |  | |  |     /   \     
|  |_)  |    |  |__   |  .--.  |   |   (----`---|  |----`|  |  |  | |   \|  | |  |    /  ^  \    
|      /     |   __|  |  |  |  |    \   \       |  |     |  |  |  | |  . `  | |  |   /  /_\  \   
|  |\  \----.|  |____ |  '--'  |.----)   |      |  |     |  `--'  | |  |\   | |  |  /  _____  \  
| _| `._____||_______||_______/ |_______/       |__|      \______/  |__| \__| |__| /__/     \__\ 
                                                                                                 

2020-04-07 17:46:38 | INFO: Authorized, welcome!
2020-04-07 17:59:06 | INFO: Starting...
2020-04-07 17:59:08 | INFO: Loading config...
2020-04-07 17:59:08 | INFO: Detecting server type (esx/vrp)...
2020-04-07 17:59:08 | INFO: Detected server type: UNKNOWN
2020-04-07 17:59:08 | INFO: Authorizing...
2020-04-07 17:59:08 | INFO: 

.______       _______  _______       _______.___________.  ______   .__   __.  __       ___      
|   _  \     |   ____||       \     /       |           | /  __  \  |  \ |  | |  |     /   \     
|  |_)  |    |  |__   |  .--.  |   |   (----`---|  |----`|  |  |  | |   \|  | |  |    /  ^  \    
|      /     |   __|  |  |  |  |    \   \       |  |     |  |  |  | |  . `  | |  |   /  /_\  \   
|  |\  \----.|  |____ |  '--'  |.----)   |      |  |     |  `--'  | |  |\   | |  |  /  _____  \  
| _| `._____||_______||_______/ |_______/       |__|      \______/  |__| \__| |__| /__/     \__\ 
                                                                                                 

2020-04-07 17:59:08 | INFO: Authorized, welcome!
2020-04-07 21:14:10 | INFO: Starting...
2020-04-07 21:14:12 | INFO: Loading config...
2020-04-07 21:14:12 | INFO: Detecting server type (esx/vrp)...
2020-04-07 21:14:12 | INFO: Detected server type: UNKNOWN
2020-04-07 21:14:12 | INFO: Authorizing...
2020-04-07 21:14:12 | INFO: 

.______       _______  _______       _______.___________.  ______   .__   __.  __       ___      
|   _  \     |   ____||       \     /       |           | /  __  \  |  \ |  | |  |     /   \     
|  |_)  |    |  |__   |  .--.  |   |   (----`---|  |----`|  |  |  | |   \|  | |  |    /  ^  \    
|      /     |   __|  |  |  |  |    \   \       |  |     |  |  |  | |  . `  | |  |   /  /_\  \   
|  |\  \----.|  |____ |  '--'  |.----)   |      |  |     |  `--'  | |  |\   | |  |  /  _____  \  
| _| `._____||_______||_______/ |_______/       |__|      \______/  |__| \__| |__| /__/     \__\ 
                                                                                                 

2020-04-07 21:14:12 | INFO: Authorized, welcome!
2020-04-07 22:06:45 | INFO: Starting...
2020-04-07 22:06:46 | INFO: Loading config...
2020-04-07 22:06:47 | INFO: Detecting server type (esx/vrp)...
2020-04-07 22:06:47 | INFO: Detected server type: UNKNOWN
2020-04-07 22:06:47 | INFO: Authorizing...
2020-04-07 22:06:47 | INFO: 

.______       _______  _______       _______.___________.  ______   .__   __.  __       ___      
|   _  \     |   ____||       \     /       |           | /  __  \  |  \ |  | |  |     /   \     
|  |_)  |    |  |__   |  .--.  |   |   (----`---|  |----`|  |  |  | |   \|  | |  |    /  ^  \    
|      /     |   __|  |  |  |  |    \   \       |  |     |  |  |  | |  . `  | |  |   /  /_\  \   
|  |\  \----.|  |____ |  '--'  |.----)   |      |  |     |  `--'  | |  |\   | |  |  /  _____  \  
| _| `._____||_______||_______/ |_______/       |__|      \______/  |__| \__| |__| /__/     \__\ 
                                                                                                 

2020-04-07 22:06:47 | INFO: Authorized, welcome!
2020-04-08 02:29:21 | INFO: Starting...
2020-04-08 02:29:24 | INFO: Loading config...
2020-04-08 02:29:24 | INFO: Detecting server type (esx/vrp)...
2020-04-08 02:29:24 | INFO: Detected server type: UNKNOWN
2020-04-08 02:29:24 | INFO: Authorizing...
2020-04-08 02:29:24 | INFO: 

.______       _______  _______       _______.___________.  ______   .__   __.  __       ___      
|   _  \     |   ____||       \     /       |           | /  __  \  |  \ |  | |  |     /   \     
|  |_)  |    |  |__   |  .--.  |   |   (----`---|  |----`|  |  |  | |   \|  | |  |    /  ^  \    
|      /     |   __|  |  |  |  |    \   \       |  |     |  |  |  | |  . `  | |  |   /  /_\  \   
|  |\  \----.|  |____ |  '--'  |.----)   |      |  |     |  `--'  | |  |\   | |  |  /  _____  \  
| _| `._____||_______||_______/ |_______/       |__|      \______/  |__| \__| |__| /__/     \__\ 
                                                                                                 

2020-04-08 02:29:24 | INFO: Authorized, welcome!
2020-04-08 02:36:42 | INFO: Starting...
2020-04-08 02:36:43 | INFO: Loading config...
2020-04-08 02:36:43 | INFO: Detecting server type (esx/vrp)...
2020-04-08 02:36:43 | INFO: Detected server type: UNKNOWN
2020-04-08 02:36:43 | INFO: Authorizing...
2020-04-08 02:36:43 | INFO: 

.______       _______  _______       _______.___________.  ______   .__   __.  __       ___      
|   _  \     |   ____||       \     /       |           | /  __  \  |  \ |  | |  |     /   \     
|  |_)  |    |  |__   |  .--.  |   |   (----`---|  |----`|  |  |  | |   \|  | |  |    /  ^  \    
|      /     |   __|  |  |  |  |    \   \       |  |     |  |  |  | |  . `  | |  |   /  /_\  \   
|  |\  \----.|  |____ |  '--'  |.----)   |      |  |     |  `--'  | |  |\   | |  |  /  _____  \  
| _| `._____||_______||_______/ |_______/       |__|      \______/  |__| \__| |__| /__/     \__\ 
                                                                                                 

2020-04-08 02:36:43 | INFO: Authorized, welcome!
2020-04-08 13:55:12 | INFO: Starting...
2020-04-08 13:55:18 | INFO: Loading config...
2020-04-08 13:55:18 | INFO: Detecting server type (esx/vrp)...
2020-04-08 13:55:18 | INFO: Detected server type: UNKNOWN
2020-04-08 13:55:18 | INFO: Authorizing...
2020-04-08 13:55:18 | INFO: 

.______       _______  _______       _______.___________.  ______   .__   __.  __       ___      
|   _  \     |   ____||       \     /       |           | /  __  \  |  \ |  | |  |     /   \     
|  |_)  |    |  |__   |  .--.  |   |   (----`---|  |----`|  |  |  | |   \|  | |  |    /  ^  \    
|      /     |   __|  |  |  |  |    \   \       |  |     |  |  |  | |  . `  | |  |   /  /_\  \   
|  |\  \----.|  |____ |  '--'  |.----)   |      |  |     |  `--'  | |  |\   | |  |  /  _____  \  
| _| `._____||_______||_______/ |_______/       |__|      \______/  |__| \__| |__| /__/     \__\ 
                                                                                                 

2020-04-08 13:55:18 | INFO: Authorized, welcome!
2020-04-18 07:54:18 | INFO: Starting...
2020-04-18 07:54:50 | INFO: Starting...
2020-04-18 07:54:52 | INFO: Loading config...
2020-04-18 07:54:52 | INFO: Detecting server type (esx/vrp)...
2020-04-18 07:54:52 | INFO: Detected server type: UNKNOWN
2020-04-18 07:54:52 | INFO: Authorizing...
2020-04-18 07:54:52 | INFO: 

.______       _______  _______       _______.___________.  ______   .__   __.  __       ___      
|   _  \     |   ____||       \     /       |           | /  __  \  |  \ |  | |  |     /   \     
|  |_)  |    |  |__   |  .--.  |   |   (----`---|  |----`|  |  |  | |   \|  | |  |    /  ^  \    
|      /     |   __|  |  |  |  |    \   \       |  |     |  |  |  | |  . `  | |  |   /  /_\  \   
|  |\  \----.|  |____ |  '--'  |.----)   |      |  |     |  `--'  | |  |\   | |  |  /  _____  \  
| _| `._____||_______||_______/ |_______/       |__|      \______/  |__| \__| |__| /__/     \__\ 
                                                                                                 

2020-04-18 07:54:52 | INFO: Authorized, welcome!
